==3714== Memcheck, a memory error detector
==3714== Copyright (C) 2002-2017, and GNU GPL'd, by Julian Seward et al.
==3714== Using Valgrind-3.15.0 and LibVEX; rerun with -h for copyright info
==3714== Command: ./a.out
==3714== Parent PID: 9
==3714== 
==3714== Invalid read of size 1
==3714==    at 0x109A0D: ft_atoi (in /root/philo/a.out)
==3714==    by 0x109C5B: check_args (in /root/philo/a.out)
==3714==    by 0x109F73: main (in /root/philo/a.out)
==3714==  Address 0x0 is not stack'd, malloc'd or (recently) free'd
==3714== 
==3714== 
==3714== Process terminating with default action of signal 11 (SIGSEGV)
==3714==  Access not within mapped region at address 0x0
==3714==    at 0x109A0D: ft_atoi (in /root/philo/a.out)
==3714==    by 0x109C5B: check_args (in /root/philo/a.out)
==3714==    by 0x109F73: main (in /root/philo/a.out)
==3714==  If you believe this happened as a result of a stack
==3714==  overflow in your program's main thread (unlikely but
==3714==  possible), you can try to increase the size of the
==3714==  main thread stack using the --main-stacksize= flag.
==3714==  The main thread stack size used in this run was 8388608.
==3714== 
==3714== HEAP SUMMARY:
==3714==     in use at exit: 0 bytes in 0 blocks
==3714==   total heap usage: 0 allocs, 0 frees, 0 bytes allocated
==3714== 
==3714== All heap blocks were freed -- no leaks are possible
==3714== 
==3714== For lists of detected and suppressed errors, rerun with: -s
==3714== ERROR SUMMARY: 1 errors from 1 contexts (suppressed: 0 from 0)
